<?xml version="1.0" encoding="UTF-8"?>
<!-- Generated by org.testng.reporters.JUnitReportReporter -->
<testsuite hostname="DESKTOP-S6PS9AD" failures="0" tests="4" name="com.java.api_demo.Get_Single_user" time="6.327" errors="0" timestamp="2023-08-16T09:18:33 IST" skipped="0">
  <testcase classname="com.java.api_demo.Get_Single_user" name="getdatavalidation_first_name" time="0.245"/>
  <system-out/>
  <testcase classname="com.java.api_demo.Get_Single_user" name="getdatavalidation_Data" time="5.612"/>
  <system-out/>
  <testcase classname="com.java.api_demo.Get_Single_user" name="getdatavalidation_Email" time="0.254"/>
  <system-out/>
  <testcase classname="com.java.api_demo.Get_Single_user" name="getdatavalidation_ID" time="0.216"/>
  <system-out/>
</testsuite> <!-- com.java.api_demo.Get_Single_user -->
