<?xml version="1.0" encoding="UTF-8"?>
<!-- Generated by org.testng.reporters.JUnitReportReporter -->
<testsuite hostname="DESKTOP-S6PS9AD" failures="0" tests="1" name="com.java.api_demo.API_Demo_2" time="5.070" errors="0" timestamp="2023-08-19T15:43:36 IST" skipped="0">
  <testcase classname="com.java.api_demo.API_Demo_2" name="getAPI" time="5.070"/>
  <system-out/>
</testsuite> <!-- com.java.api_demo.API_Demo_2 -->
