<?xml version="1.0" encoding="UTF-8"?>
<!-- Generated by org.testng.reporters.JUnitReportReporter -->
<testsuite hostname="DESKTOP-S6PS9AD" failures="0" tests="6" name="com.java.api_demo.API_Demo" time="10.615" errors="0" timestamp="2023-08-19T15:42:07 IST" skipped="0">
  <testcase classname="com.java.api_demo.API_Demo" name="getmethod" time="0.515"/>
  <system-out/>
  <testcase classname="com.java.api_demo.API_Demo" name="delete" time="7.565"/>
  <system-out/>
  <testcase classname="com.java.api_demo.API_Demo" name="put_Update" time="0.515"/>
  <system-out/>
  <testcase classname="com.java.api_demo.API_Demo" name="postMethod" time="0.739"/>
  <system-out/>
  <testcase classname="com.java.api_demo.API_Demo" name="getUserNot_Found" time="0.814"/>
  <system-out/>
  <testcase classname="com.java.api_demo.API_Demo" name="get_UserList" time="0.467"/>
  <system-out/>
</testsuite> <!-- com.java.api_demo.API_Demo -->
